<?xml version="1.0" encoding="UTF-8"?>
<testsuite name="org.ggp.base.util.crypto.BaseCryptographyTest" tests="1" skipped="0" failures="0" errors="0" timestamp="2019-05-03T16:54:42" hostname="thinkingpad" time="0.253">
  <properties/>
  <testcase name="testSimpleCryptography" classname="org.ggp.base.util.crypto.BaseCryptographyTest" time="0.253"/>
  <system-out><![CDATA[]]></system-out>
  <system-err><![CDATA[]]></system-err>
</testsuite>
