<?xml version="1.0" encoding="UTF-8"?>
<testsuite name="org.ggp.base.util.gdl.model.DependencyGraphsTest" tests="1" skipped="0" failures="0" errors="0" timestamp="2019-05-05T15:32:15" hostname="thinkingpad" time="0.022">
  <properties/>
  <testcase name="testSafeToposort" classname="org.ggp.base.util.gdl.model.DependencyGraphsTest" time="0.022"/>
  <system-out><![CDATA[]]></system-out>
  <system-err><![CDATA[]]></system-err>
</testsuite>
