<?xml version="1.0" encoding="UTF-8"?>
<testsuite name="org.ggp.base.util.crypto.CanonicalJSONTest" tests="1" skipped="0" failures="0" errors="0" timestamp="2019-05-03T16:54:42" hostname="thinkingpad" time="0.008">
  <properties/>
  <testcase name="testSimpleCanonicalization" classname="org.ggp.base.util.crypto.CanonicalJSONTest" time="0.008"/>
  <system-out><![CDATA[]]></system-out>
  <system-err><![CDATA[]]></system-err>
</testsuite>
