<?xml version="1.0" encoding="UTF-8"?>
<testsuite name="org.ggp.base.apps.logging.LogSummarizerTest" tests="2" skipped="0" failures="0" errors="0" timestamp="2019-05-05T15:32:33" hostname="thinkingpad" time="0.278">
  <properties/>
  <testcase name="testBasicResponse" classname="org.ggp.base.apps.logging.LogSummarizerTest" time="0.123"/>
  <testcase name="testStuckResponse" classname="org.ggp.base.apps.logging.LogSummarizerTest" time="0.155"/>
  <system-out><![CDATA[1557070353468: Got request for logs for fake_match
1557070353471: Got 38 bytes of logs for fake_match
1557070353472: Successfully replied to log request for fake_match
1557070353578: Got request for logs for fake_match
]]></system-out>
  <system-err><![CDATA[java.net.SocketException: Socket closed
java.net.SocketException: Socket closed
]]></system-err>
</testsuite>
