<?xml version="1.0" encoding="UTF-8"?>
<testsuite name="org.ggp.base.util.gdl.transforms.GdlCleanerTest" tests="1" skipped="0" failures="0" errors="0" timestamp="2019-05-02T13:03:09" hostname="thinkingpad" time="0.069">
  <properties/>
  <testcase name="testCleanNotDistinct" classname="org.ggp.base.util.gdl.transforms.GdlCleanerTest" time="0.069"/>
  <system-out><![CDATA[]]></system-out>
  <system-err><![CDATA[]]></system-err>
</testsuite>
