<?xml version="1.0" encoding="UTF-8"?>
<testsuite name="org.ggp.base.test.NoTabsInRulesheetsTest" tests="1" skipped="0" failures="0" errors="0" timestamp="2019-05-02T13:03:24" hostname="thinkingpad" time="0.012">
  <properties/>
  <testcase name="testNoTabsInRulesheets" classname="org.ggp.base.test.NoTabsInRulesheetsTest" time="0.012"/>
  <system-out><![CDATA[]]></system-out>
  <system-err><![CDATA[]]></system-err>
</testsuite>
