<?xml version="1.0" encoding="UTF-8"?>
<testsuite name="org.ggp.base.test.AllTests" tests="0" skipped="0" failures="0" errors="0" timestamp="1970-01-01T00:00:00" hostname="thinkingpad" time="0.0">
  <properties/>
  <system-out><![CDATA[1556902501443: Successfully replied to log request for fake_match
]]></system-out>
  <system-err><![CDATA[]]></system-err>
</testsuite>
