<?xml version="1.0" encoding="UTF-8"?>
<testsuite name="org.ggp.base.util.crypto.BaseHashingTest" tests="1" skipped="0" failures="0" errors="0" timestamp="2019-05-02T13:03:08" hostname="thinkingpad" time="0.002">
  <properties/>
  <testcase name="testHashesAreExpected" classname="org.ggp.base.util.crypto.BaseHashingTest" time="0.002"/>
  <system-out><![CDATA[]]></system-out>
  <system-err><![CDATA[]]></system-err>
</testsuite>
