<?xml version="1.0" encoding="UTF-8"?>
<testsuite name="org.ggp.base.util.crypto.BaseCryptographyTest" tests="1" skipped="0" failures="0" errors="0" timestamp="2019-05-05T15:32:14" hostname="thinkingpad" time="0.267">
  <properties/>
  <testcase name="testSimpleCryptography" classname="org.ggp.base.util.crypto.BaseCryptographyTest" time="0.267"/>
  <system-out><![CDATA[]]></system-out>
  <system-err><![CDATA[]]></system-err>
</testsuite>
