<?xml version="1.0" encoding="UTF-8"?>
<testsuite name="org.ggp.base.util.crypto.SignableJSONTest" tests="1" skipped="0" failures="0" errors="0" timestamp="2019-05-03T16:55:04" hostname="thinkingpad" time="0.48">
  <properties/>
  <testcase name="testSimpleSigning" classname="org.ggp.base.util.crypto.SignableJSONTest" time="0.48"/>
  <system-out><![CDATA[]]></system-out>
  <system-err><![CDATA[]]></system-err>
</testsuite>
