<?xml version="1.0" encoding="UTF-8"?>
<testsuite name="org.ggp.base.apps.logging.LogSummarizerTest" tests="2" skipped="0" failures="0" errors="0" timestamp="2019-05-03T16:55:01" hostname="thinkingpad" time="0.321">
  <properties/>
  <testcase name="testBasicResponse" classname="org.ggp.base.apps.logging.LogSummarizerTest" time="0.135"/>
  <testcase name="testStuckResponse" classname="org.ggp.base.apps.logging.LogSummarizerTest" time="0.186"/>
  <system-out><![CDATA[1556902501430: Got request for logs for fake_match
1556902501442: Got 38 bytes of logs for fake_match
1556902501559: Got request for logs for fake_match
]]></system-out>
  <system-err><![CDATA[java.net.SocketException: Socket closed
java.net.SocketException: Socket closed
]]></system-err>
</testsuite>
