<?xml version="1.0" encoding="UTF-8"?>
<testsuite name="org.ggp.base.util.gdl.scrambler.GdlRendererTest" tests="1" skipped="0" failures="0" errors="0" timestamp="2019-05-02T13:03:09" hostname="thinkingpad" time="1.351">
  <properties/>
  <testcase name="testSimpleRendering" classname="org.ggp.base.util.gdl.scrambler.GdlRendererTest" time="1.351"/>
  <system-out><![CDATA[]]></system-out>
  <system-err><![CDATA[]]></system-err>
</testsuite>
